<?xml version="1.0" encoding="UTF-8"?>
<testng-results skipped="0" failed="0" ignored="0" total="1" passed="1">
  <reporter-output>
  </reporter-output>
  <suite name="Default suite" duration-ms="16554" started-at="2020-02-24T05:17:23Z" finished-at="2020-02-24T05:17:40Z">
    <groups>
    </groups>
    <test name="Default test" duration-ms="16554" started-at="2020-02-24T05:17:23Z" finished-at="2020-02-24T05:17:40Z">
      <class name="com.jenkins.demo1.LaunchJenkin">
        <test-method status="PASS" signature="launchTest()[pri:0, instance:com.jenkins.demo1.LaunchJenkin@29ee9faa]" name="launchTest" duration-ms="16520" started-at="2020-02-24T05:17:23Z" finished-at="2020-02-24T05:17:40Z">
          <reporter-output>
          </reporter-output>
        </test-method> <!-- launchTest -->
      </class> <!-- com.jenkins.demo1.LaunchJenkin -->
    </test> <!-- Default test -->
  </suite> <!-- Default suite -->
</testng-results>
